<?xml version="1.0" encoding="UTF-8"?>
<!-- Generated by org.testng.reporters.JUnitReportReporter -->
<testsuite skipped="0" hostname="XIPL9967" name="cucumberOptions.TestNGTestRunner" tests="1" failures="0" timestamp="11 Sep 2021 16:32:58 GMT" time="7.445" errors="0">
  <testcase name="runScenario" time="7.445" classname="cucumberOptions.TestNGTestRunner"/>
</testsuite> <!-- cucumberOptions.TestNGTestRunner -->
