<?xml version="1.0" encoding="UTF-8"?>
<!-- Generated by org.testng.reporters.JUnitReportReporter -->
<testsuite hostname="XIPL9967" name="com.testcases2.LoginPage" tests="2" failures="0" timestamp="11 Nov 2021 06:24:45 GMT" time="8.870" errors="0">
  <testcase name="check2ndDataProvider" time="3.863" classname="com.testcases2.LoginPage"/>
  <testcase name="check2ndDataProvider" time="5.007" classname="com.testcases2.LoginPage"/>
</testsuite> <!-- com.testcases2.LoginPage -->
