<?xml version="1.0" encoding="UTF-8"?>
<!-- Generated by org.testng.reporters.JUnitReportReporter -->
<testsuite skipped="0" hostname="XIPL9967" name="cucumberOptions.TestRunner" tests="1" failures="0" timestamp="11 Sep 2021 16:27:11 GMT" time="7.523" errors="0">
  <testcase name="runScenario" time="7.523" classname="cucumberOptions.TestRunner"/>
</testsuite> <!-- cucumberOptions.TestRunner -->
